<?xml version="1.0" encoding="UTF-8"?>
<!-- Generated by org.testng.reporters.JUnitReportReporter -->
<testsuite skipped="0" hostname="OlivaGallo-PC" name="com.edureka.masterProject.SendToBackground" tests="5" failures="0" timestamp="2020-04-09T15:48:48 EDT" time="32.645" errors="0">
  <testcase name="login" time="1.258" classname="com.edureka.masterProject.SendToBackground"/>
  <testcase name="sendToBackground" time="13.514" classname="com.edureka.masterProject.SendToBackground"/>
  <testcase name="bringToFront" time="11.839" classname="com.edureka.masterProject.SendToBackground"/>
  <testcase name="checkState" time="0.369" classname="com.edureka.masterProject.SendToBackground"/>
  <testcase name="terminate" time="5.665" classname="com.edureka.masterProject.SendToBackground"/>
</testsuite> <!-- com.edureka.masterProject.SendToBackground -->
