<?xml version="1.0" encoding="UTF-8"?>
<!-- Generated by org.testng.reporters.JUnitReportReporter -->
<testsuite skipped="0" hostname="OlivaGallo-PC" name="com.edureka.masterProject.SendToBackground" tests="5" failures="0" timestamp="2020-04-09T16:19:37 EDT" time="28.643" errors="0">
  <testcase name="login" time="0.877" classname="com.edureka.masterProject.SendToBackground"/>
  <testcase name="sendToBackground" time="12.987" classname="com.edureka.masterProject.SendToBackground"/>
  <testcase name="bringToFront" time="11.611" classname="com.edureka.masterProject.SendToBackground"/>
  <testcase name="checkState" time="0.560" classname="com.edureka.masterProject.SendToBackground"/>
  <testcase name="terminate" time="2.608" classname="com.edureka.masterProject.SendToBackground"/>
</testsuite> <!-- com.edureka.masterProject.SendToBackground -->
