<?xml version="1.0" encoding="UTF-8"?>
<!-- Generated by org.testng.reporters.JUnitReportReporter -->
<testsuite skipped="0" hostname="OlivaGallo-PC" name="com.edureka.masterProject.AddProductIntoCart" tests="8" failures="0" timestamp="2020-04-03T14:53:06 EDT" time="99.674" errors="0">
  <testcase name="search" time="12.675" classname="com.edureka.masterProject.AddProductIntoCart"/>
  <testcase name="performance" time="6.649" classname="com.edureka.masterProject.AddProductIntoCart"/>
  <testcase name="login" time="18.840" classname="com.edureka.masterProject.AddProductIntoCart"/>
  <testcase name="addProductToBag" time="16.179" classname="com.edureka.masterProject.AddProductIntoCart"/>
  <testcase name="checkout" time="16.026" classname="com.edureka.masterProject.AddProductIntoCart"/>
  <testcase name="logout" time="13.805" classname="com.edureka.masterProject.AddProductIntoCart"/>
  <testcase name="selectFirstDisplayedProduct" time="2.843" classname="com.edureka.masterProject.AddProductIntoCart"/>
  <testcase name="zoomImage" time="12.657" classname="com.edureka.masterProject.AddProductIntoCart"/>
</testsuite> <!-- com.edureka.masterProject.AddProductIntoCart -->
